# JRE version: Java(TM) SE Runtime Environment (8.0_261-b12) (build 1.8.0_261-b12)
# Java VM: Java HotSpot(TM) 64-Bit Server VM (25.261-b12 mixed mode windows-amd64 compressed oops)
Heap:
 PSYoungGen      total 380928K, used 6351K [0x000000076b380000, 0x0000000784080000, 0x00000007c0000000)
  eden space 360448K, 1% used [0x000000076b380000,0x000000076b9b3eb0,0x0000000781380000)
  from space 20480K, 0% used [0x0000000782b00000,0x0000000782b00000,0x0000000783f00000)
  to   space 23040K, 0% used [0x0000000781380000,0x0000000781380000,0x0000000782a00000)
 ParOldGen       total 150528K, used 25026K [0x00000006c1a00000, 0x00000006cad00000, 0x000000076b380000)
  object space 150528K, 16% used [0x00000006c1a00000,0x00000006c3270bb8,0x00000006cad00000)
 Metaspace       used 34519K, capacity 35878K, committed 36224K, reserved 1081344K
  class space    used 4611K, capacity 4897K, committed 4992K, reserved 1048576K
GC Heap History (10 events):
Event: 3.572 GC heap before
{Heap before GC invocations=6 (full 1):
 PSYoungGen      total 141824K, used 131072K [0x000000076b380000, 0x0000000774880000, 0x00000007c0000000)
  eden space 131072K, 100% used [0x000000076b380000,0x0000000773380000,0x0000000773380000)
  from space 10752K, 0% used [0x0000000773e00000,0x0000000773e00000,0x0000000774880000)
  to   space 10752K, 0% used [0x0000000773380000,0x0000000773380000,0x0000000773e00000)
 ParOldGen       total 91136K, used 7389K [0x00000006c1a00000, 0x00000006c7300000, 0x000000076b380000)
  object space 91136K, 8% used [0x00000006c1a00000,0x00000006c2137440,0x00000006c7300000)
 Metaspace       used 24194K, capacity 25140K, committed 25216K, reserved 1071104K
  class space    used 3225K, capacity 3442K, committed 3456K, reserved 1048576K
Event: 3.581 GC heap after
Heap after GC invocations=6 (full 1):
 PSYoungGen      total 141824K, used 10727K [0x000000076b380000, 0x000000077a400000, 0x00000007c0000000)
  eden space 131072K, 0% used [0x000000076b380000,0x000000076b380000,0x0000000773380000)
  from space 10752K, 99% used [0x0000000773380000,0x0000000773df9eb8,0x0000000773e00000)
  to   space 11776K, 0% used [0x0000000779880000,0x0000000779880000,0x000000077a400000)
 ParOldGen       total 91136K, used 8451K [0x00000006c1a00000, 0x00000006c7300000, 0x000000076b380000)
  object space 91136K, 9% used [0x00000006c1a00000,0x00000006c2240d40,0x00000006c7300000)
 Metaspace       used 24194K, capacity 25140K, committed 25216K, reserved 1071104K
  class space    used 3225K, capacity 3442K, committed 3456K, reserved 1048576K
}
Event: 4.181 GC heap before
{Heap before GC invocations=7 (full 1):
 PSYoungGen      total 141824K, used 141799K [0x000000076b380000, 0x000000077a400000, 0x00000007c0000000)
  eden space 131072K, 100% used [0x000000076b380000,0x0000000773380000,0x0000000773380000)
  from space 10752K, 99% used [0x0000000773380000,0x0000000773df9eb8,0x0000000773e00000)
  to   space 11776K, 0% used [0x0000000779880000,0x0000000779880000,0x000000077a400000)
 ParOldGen       total 91136K, used 8451K [0x00000006c1a00000, 0x00000006c7300000, 0x000000076b380000)
  object space 91136K, 9% used [0x00000006c1a00000,0x00000006c2240d40,0x00000006c7300000)
 Metaspace       used 26178K, capacity 27140K, committed 27392K, reserved 1073152K
  class space    used 3487K, capacity 3714K, committed 3840K, reserved 1048576K
Event: 4.189 GC heap after
Heap after GC invocations=7 (full 1):
 PSYoungGen      total 230912K, used 11775K [0x000000076b380000, 0x000000077aa00000, 0x00000007c0000000)
  eden space 219136K, 0% used [0x000000076b380000,0x000000076b380000,0x0000000778980000)
  from space 11776K, 99% used [0x0000000779880000,0x000000077a3fff20,0x000000077a400000)
  to   space 15360K, 0% used [0x0000000778980000,0x0000000778980000,0x0000000779880000)
 ParOldGen       total 91136K, used 12770K [0x00000006c1a00000, 0x00000006c7300000, 0x000000076b380000)
  object space 91136K, 14% used [0x00000006c1a00000,0x00000006c2678bb0,0x00000006c7300000)
 Metaspace       used 26178K, capacity 27140K, committed 27392K, reserved 1073152K
  class space    used 3487K, capacity 3714K, committed 3840K, reserved 1048576K
}
Event: 5.340 GC heap before
{Heap before GC invocations=8 (full 1):
 PSYoungGen      total 230912K, used 230911K [0x000000076b380000, 0x000000077aa00000, 0x00000007c0000000)
  eden space 219136K, 100% used [0x000000076b380000,0x0000000778980000,0x0000000778980000)
  from space 11776K, 99% used [0x0000000779880000,0x000000077a3fff20,0x000000077a400000)
  to   space 15360K, 0% used [0x0000000778980000,0x0000000778980000,0x0000000779880000)
 ParOldGen       total 91136K, used 12770K [0x00000006c1a00000, 0x00000006c7300000, 0x000000076b380000)
  object space 91136K, 14% used [0x00000006c1a00000,0x00000006c2678bb0,0x00000006c7300000)
 Metaspace       used 31680K, capacity 32814K, committed 33024K, reserved 1077248K
  class space    used 4252K, capacity 4517K, committed 4608K, reserved 1048576K
Event: 5.351 GC heap after
Heap after GC invocations=8 (full 1):
 PSYoungGen      total 234496K, used 15347K [0x000000076b380000, 0x0000000783f00000, 0x00000007c0000000)
  eden space 219136K, 0% used [0x000000076b380000,0x000000076b380000,0x0000000778980000)
  from space 15360K, 99% used [0x0000000778980000,0x000000077987cdf8,0x0000000779880000)
  to   space 20480K, 0% used [0x0000000782b00000,0x0000000782b00000,0x0000000783f00000)
 ParOldGen       total 91136K, used 18038K [0x00000006c1a00000, 0x00000006c7300000, 0x000000076b380000)
  object space 91136K, 19% used [0x00000006c1a00000,0x00000006c2b9da18,0x00000006c7300000)
 Metaspace       used 31680K, capacity 32814K, committed 33024K, reserved 1077248K
  class space    used 4252K, capacity 4517K, committed 4608K, reserved 1048576K
}
Event: 6.180 GC heap before
{Heap before GC invocations=9 (full 1):
 PSYoungGen      total 234496K, used 75893K [0x000000076b380000, 0x0000000783f00000, 0x00000007c0000000)
  eden space 219136K, 27% used [0x000000076b380000,0x000000076eea0618,0x0000000778980000)
  from space 15360K, 99% used [0x0000000778980000,0x000000077987cdf8,0x0000000779880000)
  to   space 20480K, 0% used [0x0000000782b00000,0x0000000782b00000,0x0000000783f00000)
 ParOldGen       total 91136K, used 18038K [0x00000006c1a00000, 0x00000006c7300000, 0x000000076b380000)
  object space 91136K, 19% used [0x00000006c1a00000,0x00000006c2b9da18,0x00000006c7300000)
 Metaspace       used 34205K, capacity 35478K, committed 35496K, reserved 1079296K
  class space    used 4574K, capacity 4857K, committed 4864K, reserved 1048576K
Event: 6.189 GC heap after
Heap after GC invocations=9 (full 1):
 PSYoungGen      total 380928K, used 19364K [0x000000076b380000, 0x0000000784080000, 0x00000007c0000000)
  eden space 360448K, 0% used [0x000000076b380000,0x000000076b380000,0x0000000781380000)
  from space 20480K, 94% used [0x0000000782b00000,0x0000000783de9168,0x0000000783f00000)
  to   space 23040K, 0% used [0x0000000781380000,0x0000000781380000,0x0000000782a00000)
 ParOldGen       total 91136K, used 18046K [0x00000006c1a00000, 0x00000006c7300000, 0x000000076b380000)
  object space 91136K, 19% used [0x00000006c1a00000,0x00000006c2b9fa18,0x00000006c7300000)
 Metaspace       used 34205K, capacity 35478K, committed 35496K, reserved 1079296K
  class space    used 4574K, capacity 4857K, committed 4864K, reserved 1048576K
}
Event: 6.189 GC heap before
{Heap before GC invocations=10 (full 2):
 PSYoungGen      total 380928K, used 19364K [0x000000076b380000, 0x0000000784080000, 0x00000007c0000000)
  eden space 360448K, 0% used [0x000000076b380000,0x000000076b380000,0x0000000781380000)
  from space 20480K, 94% used [0x0000000782b00000,0x0000000783de9168,0x0000000783f00000)
  to   space 23040K, 0% used [0x0000000781380000,0x0000000781380000,0x0000000782a00000)
 ParOldGen       total 91136K, used 18046K [0x00000006c1a00000, 0x00000006c7300000, 0x000000076b380000)
  object space 91136K, 19% used [0x00000006c1a00000,0x00000006c2b9fa18,0x00000006c7300000)
 Metaspace       used 34205K, capacity 35478K, committed 35496K, reserved 1079296K
  class space    used 4574K, capacity 4857K, committed 4864K, reserved 1048576K
Event: 6.238 GC heap after
Heap after GC invocations=10 (full 2):
 PSYoungGen      total 380928K, used 0K [0x000000076b380000, 0x0000000784080000, 0x00000007c0000000)
  eden space 360448K, 0% used [0x000000076b380000,0x000000076b380000,0x0000000781380000)
  from space 20480K, 0% used [0x0000000782b00000,0x0000000782b00000,0x0000000783f00000)
  to   space 23040K, 0% used [0x0000000781380000,0x0000000781380000,0x0000000782a00000)
 ParOldGen       total 150528K, used 25026K [0x00000006c1a00000, 0x00000006cad00000, 0x000000076b380000)
  object space 150528K, 16% used [0x00000006c1a00000,0x00000006c3270bb8,0x00000006cad00000)
 Metaspace       used 34205K, capacity 35478K, committed 35496K, reserved 1079296K
  class space    used 4574K, capacity 4857K, committed 4864K, reserved 1048576K
}

